C:\Program Files (x86)\MSBuild\Microsoft.Cpp\v4.0\V140\Microsoft.CppBuild.targets(392,5): warning MSB8028: The intermediate directory (Debug-Nvidia\) contains files shared from another project (Framework.vcxproj, NewTrainingFramework.vcxproj).  This can lead to incorrect clean and rebuild behavior.
  Camera.cpp
c:\users\claudiumarian.chelce\desktop\game engine\project\utilities\math.h(138): warning C4244: '=': conversion from 'int' to 'GLfloat', possible loss of data
c:\users\claudiumarian.chelce\desktop\game engine\project\utilities\math.h(142): warning C4244: '=': conversion from 'int' to 'GLfloat', possible loss of data
c:\users\claudiumarian.chelce\desktop\game engine\project\utilities\math.h(146): warning C4244: '=': conversion from 'int' to 'GLfloat', possible loss of data
c:\users\claudiumarian.chelce\desktop\game engine\project\utilities\math.h(147): warning C4244: '=': conversion from 'int' to 'GLfloat', possible loss of data
c:\users\claudiumarian.chelce\desktop\game engine\project\utilities\math.h(148): warning C4244: '=': conversion from 'int' to 'GLfloat', possible loss of data
c:\users\claudiumarian.chelce\desktop\game engine\project\utilities\math.h(149): warning C4244: '=': conversion from 'int' to 'GLfloat', possible loss of data
c:\users\claudiumarian.chelce\desktop\game engine\project\utilities\math.h(150): warning C4244: '=': conversion from 'int' to 'GLfloat', possible loss of data
c:\users\claudiumarian.chelce\desktop\game engine\project\newtrainingframework\globals.h(100): warning C4091: 'static ': ignored on left of 'Globals' when no variable is declared
c:\users\claudiumarian.chelce\desktop\game engine\project\newtrainingframework\camera.cpp(55): warning C4244: 'argument': conversion from 'GLint' to 'GLfloat', possible loss of data
c:\users\claudiumarian.chelce\desktop\game engine\project\newtrainingframework\camera.cpp(67): warning C4244: 'argument': conversion from 'GLint' to 'GLfloat', possible loss of data
c:\users\claudiumarian.chelce\desktop\game engine\project\newtrainingframework\camera.cpp(79): warning C4244: 'argument': conversion from 'GLint' to 'GLfloat', possible loss of data
  Generating Code...
  Compiling...
  Main.cpp
c:\users\claudiumarian.chelce\desktop\game engine\project\utilities\math.h(138): warning C4244: '=': conversion from 'int' to 'GLfloat', possible loss of data
c:\users\claudiumarian.chelce\desktop\game engine\project\utilities\math.h(142): warning C4244: '=': conversion from 'int' to 'GLfloat', possible loss of data
c:\users\claudiumarian.chelce\desktop\game engine\project\utilities\math.h(146): warning C4244: '=': conversion from 'int' to 'GLfloat', possible loss of data
c:\users\claudiumarian.chelce\desktop\game engine\project\utilities\math.h(147): warning C4244: '=': conversion from 'int' to 'GLfloat', possible loss of data
c:\users\claudiumarian.chelce\desktop\game engine\project\utilities\math.h(148): warning C4244: '=': conversion from 'int' to 'GLfloat', possible loss of data
c:\users\claudiumarian.chelce\desktop\game engine\project\utilities\math.h(149): warning C4244: '=': conversion from 'int' to 'GLfloat', possible loss of data
c:\users\claudiumarian.chelce\desktop\game engine\project\utilities\math.h(150): warning C4244: '=': conversion from 'int' to 'GLfloat', possible loss of data
c:\users\claudiumarian.chelce\desktop\game engine\project\newtrainingframework\globals.h(100): warning C4091: 'static ': ignored on left of 'Globals' when no variable is declared
c:\users\claudiumarian.chelce\desktop\game engine\project\newtrainingframework\main.cpp(637): warning C4244: 'argument': conversion from 'GLfloat' to 'GLint', possible loss of data
c:\users\claudiumarian.chelce\desktop\game engine\project\newtrainingframework\main.cpp(642): warning C4244: 'argument': conversion from 'GLfloat' to 'GLint', possible loss of data
c:\users\claudiumarian.chelce\desktop\game engine\project\newtrainingframework\main.cpp(647): warning C4244: 'argument': conversion from 'GLfloat' to 'GLint', possible loss of data
c:\users\claudiumarian.chelce\desktop\game engine\project\newtrainingframework\main.cpp(652): warning C4244: 'argument': conversion from 'GLfloat' to 'GLint', possible loss of data
c:\users\claudiumarian.chelce\desktop\game engine\project\newtrainingframework\main.cpp(658): warning C4244: 'argument': conversion from 'GLfloat' to 'GLint', possible loss of data
c:\users\claudiumarian.chelce\desktop\game engine\project\newtrainingframework\main.cpp(663): warning C4244: 'argument': conversion from 'GLfloat' to 'GLint', possible loss of data
c:\users\claudiumarian.chelce\desktop\game engine\project\newtrainingframework\main.cpp(669): warning C4244: 'argument': conversion from 'GLfloat' to 'GLint', possible loss of data
c:\users\claudiumarian.chelce\desktop\game engine\project\newtrainingframework\main.cpp(674): warning C4244: 'argument': conversion from 'GLfloat' to 'GLint', possible loss of data
c:\users\claudiumarian.chelce\desktop\game engine\project\newtrainingframework\main.cpp(679): warning C4244: 'argument': conversion from 'GLfloat' to 'GLint', possible loss of data
c:\users\claudiumarian.chelce\desktop\game engine\project\newtrainingframework\main.cpp(684): warning C4244: 'argument': conversion from 'GLfloat' to 'GLint', possible loss of data
c:\users\claudiumarian.chelce\desktop\game engine\project\newtrainingframework\main.cpp(689): warning C4244: 'argument': conversion from 'GLfloat' to 'GLint', possible loss of data
c:\users\claudiumarian.chelce\desktop\game engine\project\newtrainingframework\main.cpp(694): warning C4244: 'argument': conversion from 'GLfloat' to 'GLint', possible loss of data
  Generating Code...
  XMLreader.cpp
c:\users\claudiumarian.chelce\desktop\game engine\project\utilities\math.h(138): warning C4244: '=': conversion from 'int' to 'GLfloat', possible loss of data
c:\users\claudiumarian.chelce\desktop\game engine\project\utilities\math.h(142): warning C4244: '=': conversion from 'int' to 'GLfloat', possible loss of data
c:\users\claudiumarian.chelce\desktop\game engine\project\utilities\math.h(146): warning C4244: '=': conversion from 'int' to 'GLfloat', possible loss of data
c:\users\claudiumarian.chelce\desktop\game engine\project\utilities\math.h(147): warning C4244: '=': conversion from 'int' to 'GLfloat', possible loss of data
c:\users\claudiumarian.chelce\desktop\game engine\project\utilities\math.h(148): warning C4244: '=': conversion from 'int' to 'GLfloat', possible loss of data
c:\users\claudiumarian.chelce\desktop\game engine\project\utilities\math.h(149): warning C4244: '=': conversion from 'int' to 'GLfloat', possible loss of data
c:\users\claudiumarian.chelce\desktop\game engine\project\utilities\math.h(150): warning C4244: '=': conversion from 'int' to 'GLfloat', possible loss of data
c:\users\claudiumarian.chelce\desktop\game engine\project\newtrainingframework\globals.h(100): warning C4091: 'static ': ignored on left of 'Globals' when no variable is declared
  NewTrainingFramework.vcxproj -> C:\Users\claudiumarian.chelce\Desktop\Game Engine\Project\\BIN-Nvidia\Main.exe
  NewTrainingFramework.vcxproj -> C:\Users\claudiumarian.chelce\Desktop\Game Engine\Project\\BIN-Nvidia\Main.pdb (Full PDB)
