  NewTrainingFramework.cpp
c:\users\claudiumarian.chelce\desktop\game engine workshop\gameloftgameengineworkshop\newtrainingframework_2015\utilities\math.h(138): warning C4244: '=': conversion from 'int' to 'GLfloat', possible loss of data
c:\users\claudiumarian.chelce\desktop\game engine workshop\gameloftgameengineworkshop\newtrainingframework_2015\utilities\math.h(142): warning C4244: '=': conversion from 'int' to 'GLfloat', possible loss of data
c:\users\claudiumarian.chelce\desktop\game engine workshop\gameloftgameengineworkshop\newtrainingframework_2015\utilities\math.h(146): warning C4244: '=': conversion from 'int' to 'GLfloat', possible loss of data
c:\users\claudiumarian.chelce\desktop\game engine workshop\gameloftgameengineworkshop\newtrainingframework_2015\utilities\math.h(147): warning C4244: '=': conversion from 'int' to 'GLfloat', possible loss of data
c:\users\claudiumarian.chelce\desktop\game engine workshop\gameloftgameengineworkshop\newtrainingframework_2015\utilities\math.h(148): warning C4244: '=': conversion from 'int' to 'GLfloat', possible loss of data
c:\users\claudiumarian.chelce\desktop\game engine workshop\gameloftgameengineworkshop\newtrainingframework_2015\utilities\math.h(149): warning C4244: '=': conversion from 'int' to 'GLfloat', possible loss of data
c:\users\claudiumarian.chelce\desktop\game engine workshop\gameloftgameengineworkshop\newtrainingframework_2015\utilities\math.h(150): warning C4244: '=': conversion from 'int' to 'GLfloat', possible loss of data
c:\users\claudiumarian.chelce\desktop\game engine workshop\gameloftgameengineworkshop\newtrainingframework_2015\newtrainingframework\newtrainingframework.cpp(52): warning C4996: 'fscanf': This function or variable may be unsafe. Consider using fscanf_s instead. To disable deprecation, use _CRT_SECURE_NO_WARNINGS. See online help for details.
  c:\program files (x86)\windows kits\10\include\10.0.10240.0\ucrt\stdio.h(1193): note: see declaration of 'fscanf'
c:\users\claudiumarian.chelce\desktop\game engine workshop\gameloftgameengineworkshop\newtrainingframework_2015\newtrainingframework\newtrainingframework.cpp(58): warning C4996: 'fscanf': This function or variable may be unsafe. Consider using fscanf_s instead. To disable deprecation, use _CRT_SECURE_NO_WARNINGS. See online help for details.
  c:\program files (x86)\windows kits\10\include\10.0.10240.0\ucrt\stdio.h(1193): note: see declaration of 'fscanf'
c:\users\claudiumarian.chelce\desktop\game engine workshop\gameloftgameengineworkshop\newtrainingframework_2015\newtrainingframework\newtrainingframework.cpp(69): warning C4996: 'fscanf': This function or variable may be unsafe. Consider using fscanf_s instead. To disable deprecation, use _CRT_SECURE_NO_WARNINGS. See online help for details.
  c:\program files (x86)\windows kits\10\include\10.0.10240.0\ucrt\stdio.h(1193): note: see declaration of 'fscanf'
c:\users\claudiumarian.chelce\desktop\game engine workshop\gameloftgameengineworkshop\newtrainingframework_2015\newtrainingframework\newtrainingframework.cpp(79): warning C4996: 'fscanf': This function or variable may be unsafe. Consider using fscanf_s instead. To disable deprecation, use _CRT_SECURE_NO_WARNINGS. See online help for details.
  c:\program files (x86)\windows kits\10\include\10.0.10240.0\ucrt\stdio.h(1193): note: see declaration of 'fscanf'
c:\users\claudiumarian.chelce\desktop\game engine workshop\gameloftgameengineworkshop\newtrainingframework_2015\newtrainingframework\newtrainingframework.cpp(96): warning C4996: 'fopen': This function or variable may be unsafe. Consider using fopen_s instead. To disable deprecation, use _CRT_SECURE_NO_WARNINGS. See online help for details.
  c:\program files (x86)\windows kits\10\include\10.0.10240.0\ucrt\stdio.h(205): note: see declaration of 'fopen'
c:\users\claudiumarian.chelce\desktop\game engine workshop\gameloftgameengineworkshop\newtrainingframework_2015\newtrainingframework\newtrainingframework.cpp(322): warning C4244: 'argument': conversion from 'GLfloat' to 'GLint', possible loss of data
c:\users\claudiumarian.chelce\desktop\game engine workshop\gameloftgameengineworkshop\newtrainingframework_2015\newtrainingframework\newtrainingframework.cpp(327): warning C4244: 'argument': conversion from 'GLfloat' to 'GLint', possible loss of data
c:\users\claudiumarian.chelce\desktop\game engine workshop\gameloftgameengineworkshop\newtrainingframework_2015\newtrainingframework\newtrainingframework.cpp(332): warning C4244: 'argument': conversion from 'GLfloat' to 'GLint', possible loss of data
c:\users\claudiumarian.chelce\desktop\game engine workshop\gameloftgameengineworkshop\newtrainingframework_2015\newtrainingframework\newtrainingframework.cpp(337): warning C4244: 'argument': conversion from 'GLfloat' to 'GLint', possible loss of data
c:\users\claudiumarian.chelce\desktop\game engine workshop\gameloftgameengineworkshop\newtrainingframework_2015\newtrainingframework\newtrainingframework.cpp(343): warning C4244: 'argument': conversion from 'GLfloat' to 'GLint', possible loss of data
c:\users\claudiumarian.chelce\desktop\game engine workshop\gameloftgameengineworkshop\newtrainingframework_2015\newtrainingframework\newtrainingframework.cpp(348): warning C4244: 'argument': conversion from 'GLfloat' to 'GLint', possible loss of data
c:\users\claudiumarian.chelce\desktop\game engine workshop\gameloftgameengineworkshop\newtrainingframework_2015\newtrainingframework\newtrainingframework.cpp(354): warning C4244: 'argument': conversion from 'GLfloat' to 'GLint', possible loss of data
c:\users\claudiumarian.chelce\desktop\game engine workshop\gameloftgameengineworkshop\newtrainingframework_2015\newtrainingframework\newtrainingframework.cpp(359): warning C4244: 'argument': conversion from 'GLfloat' to 'GLint', possible loss of data
c:\users\claudiumarian.chelce\desktop\game engine workshop\gameloftgameengineworkshop\newtrainingframework_2015\newtrainingframework\newtrainingframework.cpp(364): warning C4244: 'argument': conversion from 'GLfloat' to 'GLint', possible loss of data
c:\users\claudiumarian.chelce\desktop\game engine workshop\gameloftgameengineworkshop\newtrainingframework_2015\newtrainingframework\newtrainingframework.cpp(369): warning C4244: 'argument': conversion from 'GLfloat' to 'GLint', possible loss of data
c:\users\claudiumarian.chelce\desktop\game engine workshop\gameloftgameengineworkshop\newtrainingframework_2015\newtrainingframework\newtrainingframework.cpp(374): warning C4244: 'argument': conversion from 'GLfloat' to 'GLint', possible loss of data
c:\users\claudiumarian.chelce\desktop\game engine workshop\gameloftgameengineworkshop\newtrainingframework_2015\newtrainingframework\newtrainingframework.cpp(379): warning C4244: 'argument': conversion from 'GLfloat' to 'GLint', possible loss of data
c:\users\claudiumarian.chelce\desktop\game engine workshop\gameloftgameengineworkshop\newtrainingframework_2015\newtrainingframework\newtrainingframework.cpp(86): warning C4715: 'ReadNFG': not all control paths return a value
  NewTrainingFramework.vcxproj -> C:\Users\claudiumarian.chelce\Desktop\Game Engine Workshop\GameloftGameEngineWorkshop\NewTrainingFramework_2015\\BIN-Nvidia\NewTrainingFramework.exe
  NewTrainingFramework.vcxproj -> C:\Users\claudiumarian.chelce\Desktop\Game Engine Workshop\GameloftGameEngineWorkshop\NewTrainingFramework_2015\\BIN-Nvidia\NewTrainingFramework.pdb (Full PDB)
